2024-01-22 19:03:43,685 INFO diplom.telegramBotDiplom.TgbotDiplomApplication [main] Starting TgbotDiplomApplication using Java 17.0.7 on DESKTOP-G279QCV with PID 20128 (C:\Users\Виктория\Desktop\telegram-bot-2\target\classes started by Виктория in C:\Users\Виктория\Desktop\telegram-bot-2)
2024-01-22 19:03:43,700 INFO diplom.telegramBotDiplom.TgbotDiplomApplication [main] No active profile set, falling back to 1 default profile: "default"
2024-01-22 19:03:45,418 INFO org.springframework.data.repository.config.RepositoryConfigurationDelegate [main] Bootstrapping Spring Data JPA repositories in DEFAULT mode.
2024-01-22 19:03:45,782 INFO org.springframework.data.repository.config.RepositoryConfigurationDelegate [main] Finished Spring Data repository scanning in 318 ms. Found 10 JPA repository interfaces.
2024-01-22 19:03:47,466 INFO org.springframework.boot.web.embedded.tomcat.TomcatWebServer [main] Tomcat initialized with port(s): 8080 (http)
2024-01-22 19:03:47,493 INFO org.apache.coyote.http11.Http11NioProtocol [main] Initializing ProtocolHandler ["http-nio-8080"]
2024-01-22 19:03:47,495 INFO org.apache.catalina.core.StandardService [main] Starting service [Tomcat]
2024-01-22 19:03:47,496 INFO org.apache.catalina.core.StandardEngine [main] Starting Servlet engine: [Apache Tomcat/9.0.64]
2024-01-22 19:03:47,783 INFO org.apache.catalina.core.ContainerBase.[Tomcat].[localhost].[/] [main] Initializing Spring embedded WebApplicationContext
2024-01-22 19:03:47,783 INFO org.springframework.boot.web.servlet.context.ServletWebServerApplicationContext [main] Root WebApplicationContext: initialization completed in 3936 ms
2024-01-22 19:03:48,186 INFO org.hibernate.jpa.internal.util.LogHelper [main] HHH000204: Processing PersistenceUnitInfo [name: default]
2024-01-22 19:03:48,333 INFO org.hibernate.Version [main] HHH000412: Hibernate ORM core version 5.6.9.Final
2024-01-22 19:03:48,886 INFO org.hibernate.annotations.common.Version [main] HCANN000001: Hibernate Commons Annotations {5.1.2.Final}
2024-01-22 19:03:49,269 INFO com.zaxxer.hikari.HikariDataSource [main] HikariPool-1 - Starting...
2024-01-22 19:03:50,788 INFO com.zaxxer.hikari.HikariDataSource [main] HikariPool-1 - Start completed.
2024-01-22 19:03:50,859 INFO org.hibernate.dialect.Dialect [main] HHH000400: Using dialect: org.hibernate.dialect.MySQL8Dialect
2024-01-22 19:03:53,776 INFO org.hibernate.engine.transaction.jta.platform.internal.JtaPlatformInitiator [main] HHH000490: Using JtaPlatform implementation: [org.hibernate.engine.transaction.jta.platform.internal.NoJtaPlatform]
2024-01-22 19:03:53,811 INFO org.springframework.orm.jpa.LocalContainerEntityManagerFactoryBean [main] Initialized JPA EntityManagerFactory for persistence unit 'default'
2024-01-22 19:03:59,898 WARN org.springframework.boot.autoconfigure.orm.jpa.JpaBaseConfiguration$JpaWebConfiguration [main] spring.jpa.open-in-view is enabled by default. Therefore, database queries may be performed during view rendering. Explicitly configure spring.jpa.open-in-view to disable this warning
2024-01-22 19:04:00,754 INFO org.apache.coyote.http11.Http11NioProtocol [main] Starting ProtocolHandler ["http-nio-8080"]
2024-01-22 19:04:00,828 INFO org.springframework.boot.web.embedded.tomcat.TomcatWebServer [main] Tomcat started on port(s): 8080 (http) with context path ''
2024-01-22 19:04:00,943 INFO diplom.telegramBotDiplom.TgbotDiplomApplication [main] Started TgbotDiplomApplication in 18.192 seconds (JVM running for 25.274)
2024-01-22 19:04:01,288 INFO diplom.telegramBotDiplom.service.TelegramBot [vikaPizzeriaBot Telegram Executor] Chat ID: 347016249, Current State: START
2024-01-22 19:04:01,288 INFO diplom.telegramBotDiplom.service.TelegramBot [vikaPizzeriaBot Telegram Executor] Received message: /start
2024-01-22 19:04:01,532 INFO diplom.telegramBotDiplom.service.TelegramBot [vikaPizzeriaBot Telegram Executor] Replied to user Віка
2024-01-22 19:04:01,533 INFO diplom.telegramBotDiplom.service.TelegramBot [vikaPizzeriaBot Telegram Executor] currentState in sendMessage MAIN_MENU
2024-01-22 19:04:01,535 INFO diplom.telegramBotDiplom.service.TelegramBot [vikaPizzeriaBot Telegram Executor] Stack after adding to stack in sendMessage: [MAIN_MENU]/n/n
2024-01-22 19:04:01,740 INFO diplom.telegramBotDiplom.service.OrderService [vikaPizzeriaBot Telegram Executor] Замовлення користувача з chatId: 347016249 відсутнє для очищення
2024-01-22 19:04:04,184 INFO diplom.telegramBotDiplom.service.TelegramBot [vikaPizzeriaBot Telegram Executor] Chat ID: 347016249, Current State: MAIN_MENU
2024-01-22 19:04:04,185 INFO diplom.telegramBotDiplom.service.TelegramBot [vikaPizzeriaBot Telegram Executor] Received message: зробити замовлення
2024-01-22 19:04:04,185 INFO diplom.telegramBotDiplom.service.TelegramBot [vikaPizzeriaBot Telegram Executor] Stack after adding to stack in SubMenu: [MAIN_MENU, SUB_MENU]
2024-01-22 19:04:05,263 INFO diplom.telegramBotDiplom.service.TelegramBot [vikaPizzeriaBot Telegram Executor] Chat ID: 347016249, Current State: SUB_MENU
2024-01-22 19:04:05,263 INFO diplom.telegramBotDiplom.service.TelegramBot [vikaPizzeriaBot Telegram Executor] Received message: кухня
2024-01-22 19:04:05,264 INFO diplom.telegramBotDiplom.service.TelegramBot [vikaPizzeriaBot Telegram Executor] Stack after adding to stack: [MAIN_MENU, SUB_MENU, SUB_MENU]
2024-01-22 19:04:06,212 INFO diplom.telegramBotDiplom.service.TelegramBot [vikaPizzeriaBot Telegram Executor] Chat ID: 347016249, Current State: KITCHEN_MENU
2024-01-22 19:04:06,213 INFO diplom.telegramBotDiplom.service.TelegramBot [vikaPizzeriaBot Telegram Executor] Received message: доповнення
2024-01-22 19:04:07,140 INFO diplom.telegramBotDiplom.service.TelegramBot [vikaPizzeriaBot Telegram Executor] Chat ID: 347016249, Current State: KITCHEN_MENU
2024-01-22 19:04:10,239 INFO diplom.telegramBotDiplom.service.TelegramBot [vikaPizzeriaBot Telegram Executor] Chat ID: 347016249, Current State: KITCHEN_MENU
2024-01-22 19:04:10,240 INFO diplom.telegramBotDiplom.service.TelegramBot [vikaPizzeriaBot Telegram Executor] Received message: Повернутися назад
2024-01-22 19:04:10,241 INFO diplom.telegramBotDiplom.service.TelegramBot [vikaPizzeriaBot Telegram Executor] Current State: SUB_MENU
2024-01-22 19:04:10,242 INFO diplom.telegramBotDiplom.service.TelegramBot [vikaPizzeriaBot Telegram Executor]  New State State: SUB_MENU
2024-01-22 19:04:10,243 INFO diplom.telegramBotDiplom.service.TelegramBot [vikaPizzeriaBot Telegram Executor] Stack after adding to stack in SubMenu: [MAIN_MENU, SUB_MENU]
2024-01-22 19:04:12,225 INFO diplom.telegramBotDiplom.service.TelegramBot [vikaPizzeriaBot Telegram Executor] Chat ID: 347016249, Current State: SUB_MENU
2024-01-22 19:04:13,380 INFO diplom.telegramBotDiplom.service.TelegramBot [vikaPizzeriaBot Telegram Executor] Chat ID: 347016249, Current State: SUB_MENU
2024-01-22 19:04:13,381 INFO diplom.telegramBotDiplom.service.OrderService [vikaPizzeriaBot Telegram Executor] Додано або оновлено продукт:Гірчиця у методі addOrUpdateProductInOrder з ID: 10 до замовлення користувача з chatId: 347016249, кількість: 1
2024-01-22 19:04:13,385 INFO diplom.telegramBotDiplom.service.TelegramBot [vikaPizzeriaBot Telegram Executor] Додано або оновлено продукт у методі handleAddToOrderContinueForAdditions з ID: 10 до замовлення користувача з chatId: 347016249, кількість: 1
2024-01-22 19:04:13,386 INFO diplom.telegramBotDiplom.service.TelegramBot [vikaPizzeriaBot Telegram Executor] Оновлено повідомлення користувача з chatId: 347016249 з підтвердженням додавання продукту з ID: 10
2024-01-22 19:04:14,995 INFO diplom.telegramBotDiplom.service.TelegramBot [vikaPizzeriaBot Telegram Executor] Chat ID: 347016249, Current State: SUB_MENU
2024-01-22 19:04:15,275 INFO diplom.telegramBotDiplom.service.TelegramBot [vikaPizzeriaBot Telegram Executor] Оновлено повідомлення користувача з chatId: 347016249 з підтвердженням додавання продукту та інформацією про оплату
2024-01-22 19:08:55,119 INFO org.springframework.orm.jpa.LocalContainerEntityManagerFactoryBean [SpringApplicationShutdownHook] Closing JPA EntityManagerFactory for persistence unit 'default'
2024-01-22 19:08:55,122 INFO com.zaxxer.hikari.HikariDataSource [SpringApplicationShutdownHook] HikariPool-1 - Shutdown initiated...
2024-01-22 19:08:55,162 INFO com.zaxxer.hikari.HikariDataSource [SpringApplicationShutdownHook] HikariPool-1 - Shutdown completed.
